<?xml version="1.0" encoding="UTF-8"?>
<!-- Generated by org.testng.reporters.JUnitXMLReporter -->
<testsuite ignored="0" hostname="ShruSats" failures="1" tests="3" name="RegressionGC" time="188.593" errors="0" timestamp="09 Mar 2022 03:55:08 GMT">
  <testcase classname="script.Test1" name="testA" time="13.657"/>
  <testcase classname="script.ValidLogin" name="testValidLogin" time="31.342"/>
  <testcase classname="script.InvalidLogin" name="testInvalidLogin" time="9.244">
    <failure type="java.lang.AssertionError" message="Err Msg is Not Dispalyed expected [true] but found [false]">
      <![CDATA[java.lang.AssertionError: Err Msg is Not Dispalyed expected [true] but found [false]
at script.InvalidLogin.testInvalidLogin(InvalidLogin.java:36)
at java.base/java.util.concurrent.FutureTask.run(FutureTask.java:264)
at java.base/java.util.concurrent.ThreadPoolExecutor.runWorker(ThreadPoolExecutor.java:1136)
at java.base/java.util.concurrent.ThreadPoolExecutor$Worker.run(ThreadPoolExecutor.java:635)
at java.base/java.lang.Thread.run(Thread.java:833)
... Removed 19 stack frames]]>
    </failure>
  </testcase> <!-- testInvalidLogin -->
</testsuite> <!-- RegressionGC -->
