<?xml version="1.0" encoding="UTF-8"?>
<!-- Generated by org.testng.reporters.JUnitXMLReporter -->
<testsuite ignored="0" hostname="ShruSats" failures="0" tests="3" name="RegressionFF" time="213.671" errors="0" timestamp="09 Mar 2022 03:55:33 GMT">
  <testcase classname="script.Test1" name="testA" time="15.769"/>
  <testcase classname="script.ValidLogin" name="testValidLogin" time="4.729"/>
  <testcase classname="script.InvalidLogin" name="testInvalidLogin" time="16.991"/>
</testsuite> <!-- RegressionFF -->
