<?xml version="1.0" encoding="UTF-8"?>
<testng-results ignored="0" total="1" passed="1" failed="0" skipped="0">
  <reporter-output>
    <line>
      <![CDATA[http://www.fb.com]]>
    </line>
    <line>
      <![CDATA[Facebook – log in or sign up]]>
    </line>
    <line>
      <![CDATA[A1]]>
    </line>
    <line>
      <![CDATA[admin]]>
    </line>
  </reporter-output>
  <suite started-at="2022-03-04T02:23:32Z" name="Suite" finished-at="2022-03-04T02:24:04Z" duration-ms="32188">
    <groups>
    </groups>
    <test started-at="2022-03-04T02:23:32Z" name="Regression" finished-at="2022-03-04T02:24:04Z" duration-ms="32188">
      <class name="script.Test1">
        <test-method is-config="true" signature="openApp()[pri:0, instance:script.Test1@5b40ceb]" started-at="2022-03-04T02:23:32Z" name="openApp" finished-at="2022-03-04T02:23:57Z" duration-ms="25316" status="PASS">
          <reporter-output>
          </reporter-output>
        </test-method> <!-- openApp -->
        <test-method signature="testA()[pri:0, instance:script.Test1@5b40ceb]" started-at="2022-03-04T02:23:57Z" name="testA" finished-at="2022-03-04T02:24:03Z" duration-ms="6375" status="PASS">
          <reporter-output>
            <line>
              <![CDATA[http://www.fb.com]]>
            </line>
            <line>
              <![CDATA[Facebook – log in or sign up]]>
            </line>
            <line>
              <![CDATA[A1]]>
            </line>
            <line>
              <![CDATA[admin]]>
            </line>
          </reporter-output>
        </test-method> <!-- testA -->
        <test-method is-config="true" signature="closeApp()[pri:0, instance:script.Test1@5b40ceb]" started-at="2022-03-04T02:24:03Z" name="closeApp" finished-at="2022-03-04T02:24:04Z" duration-ms="453" status="PASS">
          <reporter-output>
          </reporter-output>
        </test-method> <!-- closeApp -->
      </class> <!-- script.Test1 -->
    </test> <!-- Regression -->
  </suite> <!-- Suite -->
</testng-results>
