<?xml version="1.0" encoding="UTF-8"?>
<testng-results ignored="0" total="1" passed="1" failed="0" skipped="0">
  <reporter-output>
    <line>
      <![CDATA[Title is matching]]>
    </line>
  </reporter-output>
  <suite started-at="2022-03-07T03:12:32Z" name="Default suite" finished-at="2022-03-07T03:12:49Z" duration-ms="17118">
    <groups>
    </groups>
    <test started-at="2022-03-07T03:12:32Z" name="Default test" finished-at="2022-03-07T03:12:49Z" duration-ms="17118">
      <class name="script.Test1">
        <test-method is-config="true" signature="openApp()[pri:0, instance:script.Test1@77a7cf58]" started-at="2022-03-07T03:12:32Z" name="openApp" finished-at="2022-03-07T03:12:44Z" duration-ms="12237" status="PASS">
          <reporter-output>
          </reporter-output>
        </test-method> <!-- openApp -->
        <test-method signature="testA()[pri:0, instance:script.Test1@77a7cf58]" started-at="2022-03-07T03:12:44Z" name="testA" finished-at="2022-03-07T03:12:49Z" duration-ms="4650" status="PASS">
          <reporter-output>
            <line>
              <![CDATA[Title is matching]]>
            </line>
          </reporter-output>
        </test-method> <!-- testA -->
        <test-method is-config="true" signature="closeApp()[pri:0, instance:script.Test1@77a7cf58]" started-at="2022-03-07T03:12:49Z" name="closeApp" finished-at="2022-03-07T03:12:49Z" duration-ms="185" status="PASS">
          <reporter-output>
          </reporter-output>
        </test-method> <!-- closeApp -->
      </class> <!-- script.Test1 -->
    </test> <!-- Default test -->
  </suite> <!-- Default suite -->
</testng-results>
